{
  "stats": {
    "suites": 1,
    "tests": 1,
    "passes": 1,
    "pending": 0,
    "failures": 0,
    "start": "2025-06-24T21:34:31.416Z",
    "end": "2025-06-24T21:35:32.190Z",
    "duration": 60774,
    "testsRegistered": 1,
    "passPercent": 100,
    "pendingPercent": 0,
    "other": 0,
    "hasOther": false,
    "skipped": 0,
    "hasSkipped": false
  },
  "results": [
    {
      "uuid": "c5201a19-e11a-4552-8bba-812ff0e4c035",
      "title": "",
      "fullFile": "cypress\\e2e\\tests\\B-placeOrderFlow.cy.js",
      "file": "cypress\\e2e\\tests\\B-placeOrderFlow.cy.js",
      "beforeHooks": [],
      "afterHooks": [],
      "tests": [],
      "suites": [
        {
          "uuid": "ae15519a-a68e-415f-a2dd-5976e260fff9",
          "title": "Place Order Flow",
          "fullFile": "",
          "file": "",
          "beforeHooks": [],
          "afterHooks": [],
          "tests": [
            {
              "title": "User should be able to place order with multiple products",
              "fullTitle": "Place Order Flow User should be able to place order with multiple products",
              "timedOut": null,
              "duration": 60669,
              "state": "passed",
              "speed": "slow",
              "pass": true,
              "fail": false,
              "pending": false,
              "context": null,
              "code": "cy.visit('/');\nconst homepage = new _HomePage.default();\nconst loginpage = new _LoginPage.default();\nconst productpage = new _ProductPage.default();\nhomepage.signInHeader().click();\nloginpage.login(userData.email, userData.password);\ncy.wait(2000);\nhomepage.homepageText().invoke('text').then(text => {\n  expect(text).contain(\"Home Page\");\n});\nhomepage.optionMen().click();\ncy.wait(3000);\nproductpage.categoryTops().click();\ncy.wait(3000);\ncy.fixture('products').then(products => {\n  products.forEach(product => {\n    productpage.addProductToCart(product);\n  });\n});\nproductpage.cartButton().click({\n  force: true\n});\nproductpage.viewCartButton().click({\n  force: true\n});\nproductpage.verifyCartTotal();",
              "err": {},
              "uuid": "678703e3-f846-4998-9acc-088fbc71e352",
              "parentUUID": "ae15519a-a68e-415f-a2dd-5976e260fff9",
              "isHook": false,
              "skipped": false
            }
          ],
          "suites": [],
          "passes": [
            "678703e3-f846-4998-9acc-088fbc71e352"
          ],
          "failures": [],
          "pending": [],
          "skipped": [],
          "duration": 60669,
          "root": false,
          "rootEmpty": false,
          "_timeout": 2000
        }
      ],
      "passes": [],
      "failures": [],
      "pending": [],
      "skipped": [],
      "duration": 0,
      "root": true,
      "rootEmpty": true,
      "_timeout": 2000
    }
  ],
  "meta": {
    "mocha": {
      "version": "7.2.0"
    },
    "mochawesome": {
      "options": {
        "quiet": false,
        "reportFilename": "mochawesome",
        "saveHtml": false,
        "saveJson": true,
        "consoleReporter": "spec",
        "useInlineDiffs": false,
        "code": true
      },
      "version": "7.1.3"
    },
    "marge": {
      "options": {
        "reportDir": "cypress/reports",
        "overwrite": false,
        "html": false,
        "json": true
      },
      "version": "6.2.0"
    }
  }
}