{
  "stats": {
    "suites": 1,
    "tests": 1,
    "passes": 1,
    "pending": 0,
    "failures": 0,
    "start": "2025-06-24T21:35:33.405Z",
    "end": "2025-06-24T21:37:18.376Z",
    "duration": 104971,
    "testsRegistered": 1,
    "passPercent": 100,
    "pendingPercent": 0,
    "other": 0,
    "hasOther": false,
    "skipped": 0,
    "hasSkipped": false
  },
  "results": [
    {
      "uuid": "ef2c6070-4147-4f55-9ab7-704a929c1d6d",
      "title": "",
      "fullFile": "cypress\\e2e\\tests\\C-wishlistFlow.cy.js",
      "file": "cypress\\e2e\\tests\\C-wishlistFlow.cy.js",
      "beforeHooks": [],
      "afterHooks": [],
      "tests": [],
      "suites": [
        {
          "uuid": "fe8698d3-87d5-4ba0-8d73-d34b06070c04",
          "title": "Wishlist Flow",
          "fullFile": "",
          "file": "",
          "beforeHooks": [],
          "afterHooks": [],
          "tests": [
            {
              "title": "User should be able to place order from wishlist",
              "fullTitle": "Wishlist Flow User should be able to place order from wishlist",
              "timedOut": null,
              "duration": 104635,
              "state": "passed",
              "speed": "slow",
              "pass": true,
              "fail": false,
              "pending": false,
              "context": null,
              "code": "cy.visit('/');\nhomepage.signInHeader().click();\nloginpage.login(userData.email, userData.password);\ncy.wait(2000);\nhomepage.homepageText().invoke('text').then(text => {\n  expect(text).contain(\"Home Page\");\n});\nhomepage.optionMen().click();\ncy.wait(3000);\nproductpage.categoryTops().click();\ncy.wait(3000);\nwproducts.forEach(wproduct => {\n  productpage.addProductToWishlist(wproduct);\n});\ncy.visit('/wishlist/');\nwishlistpage.addAllToCartButton().click({\n  force: true\n});\nproductpage.cartButton().click({\n  force: true\n});\nproductpage.viewCartButton().click({\n  force: true\n});\nwproducts.forEach(wproduct => {\n  wishlistpage.verifyWishlistToCart(wproduct);\n});\ncy.visit(\"/checkout/#shipping\");\ncartpage.loadingIcon().should('not.exist', {\n  timeout: 10000\n});\ncy.wait(10000);\ncartpage.streetAddressField().type(address.street, {\n  force: true\n}, {\n  timeout: 10000\n});\ncartpage.cityField().type(address.city, {\n  force: true\n}, {\n  timeout: 10000\n});\ncartpage.stateField().select(address.stateId, {\n  force: true\n});\ncartpage.zipcodeField().type(address.zipcode, {\n  force: true\n}, {\n  timeout: 10000\n});\ncartpage.phoneNumberField().type(address.phone, {\n  force: true\n}, {\n  timeout: 10000\n});\ncartpage.shippingMethods().eq(0).click();\ncartpage.nextButton().click();\ncartpage.loadingIcon().should('not.exist', {\n  timeout: 10000\n});\ncartpage.placeOrderButton().click({\n  force: true\n});\ncy.wait(10000);\nhomepage.homepageText().invoke('text').then(text => {\n  expect(text).contain(\"Thank you for your purchase!\");\n});",
              "err": {},
              "uuid": "1471d812-eea6-4ee7-875a-3ab32f94d18a",
              "parentUUID": "fe8698d3-87d5-4ba0-8d73-d34b06070c04",
              "isHook": false,
              "skipped": false
            }
          ],
          "suites": [],
          "passes": [
            "1471d812-eea6-4ee7-875a-3ab32f94d18a"
          ],
          "failures": [],
          "pending": [],
          "skipped": [],
          "duration": 104635,
          "root": false,
          "rootEmpty": false,
          "_timeout": 2000
        }
      ],
      "passes": [],
      "failures": [],
      "pending": [],
      "skipped": [],
      "duration": 0,
      "root": true,
      "rootEmpty": true,
      "_timeout": 2000
    }
  ],
  "meta": {
    "mocha": {
      "version": "7.2.0"
    },
    "mochawesome": {
      "options": {
        "quiet": false,
        "reportFilename": "mochawesome",
        "saveHtml": false,
        "saveJson": true,
        "consoleReporter": "spec",
        "useInlineDiffs": false,
        "code": true
      },
      "version": "7.1.3"
    },
    "marge": {
      "options": {
        "reportDir": "cypress/reports",
        "overwrite": false,
        "html": false,
        "json": true
      },
      "version": "6.2.0"
    }
  }
}